0 info it worked if it ends with ok
1 verbose cli [ 'D:\\Program Files\\nodejs\\node.exe',
1 verbose cli   'D:\\Program Files\\nodejs\\node_modules\\npm\\bin\\npm-cli.js',
1 verbose cli   'install',
1 verbose cli   '--save-dev',
1 verbose cli   'babel-cli' ]
2 info using npm@3.10.10
3 info using node@v6.11.4
4 silly loadCurrentTree Starting
5 silly install loadCurrentTree
6 silly install readLocalPackageData
7 silly rollbackFailedOptional Starting
8 silly rollbackFailedOptional Finishing
9 silly runTopLevelLifecycles Finishing
10 silly install printInstalled
11 verbose stack Error: Failed to parse json
11 verbose stack Unexpected token '+' at 3:3
11 verbose stack   +   "babel-cli": "^6.0.0"
11 verbose stack   ^
11 verbose stack     at parseError (D:\Program Files\nodejs\node_modules\npm\node_modules\read-package-json\read-json.js:390:11)
11 verbose stack     at parseJson (D:\Program Files\nodejs\node_modules\npm\node_modules\read-package-json\read-json.js:79:23)
11 verbose stack     at D:\Program Files\nodejs\node_modules\npm\node_modules\read-package-json\read-json.js:48:5
11 verbose stack     at D:\Program Files\nodejs\node_modules\npm\node_modules\graceful-fs\graceful-fs.js:78:16
11 verbose stack     at tryToString (fs.js:457:3)
11 verbose stack     at FSReqWrap.readFileAfterClose [as oncomplete] (fs.js:444:12)
12 verbose cwd D:\Code\Globant Bootcamp\ChuckConde_rosario-web-ui-bootcamp-10-2017\02-DP-OOP-JS
13 error Windows_NT 10.0.15063
14 error argv "D:\\Program Files\\nodejs\\node.exe" "D:\\Program Files\\nodejs\\node_modules\\npm\\bin\\npm-cli.js" "install" "--save-dev" "babel-cli"
15 error node v6.11.4
16 error npm  v3.10.10
17 error file D:\Code\Globant Bootcamp\ChuckConde_rosario-web-ui-bootcamp-10-2017\02-DP-OOP-JS\package.json
18 error code EJSONPARSE
19 error Failed to parse json
19 error Unexpected token '+' at 3:3
19 error   +   "babel-cli": "^6.0.0"
19 error   ^
20 error File: D:\Code\Globant Bootcamp\ChuckConde_rosario-web-ui-bootcamp-10-2017\02-DP-OOP-JS\package.json
21 error Failed to parse package.json data.
21 error package.json must be actual JSON, not just JavaScript.
21 error
21 error This is not a bug in npm.
21 error Tell the package author to fix their package.json file. JSON.parse
22 verbose exit [ 1, true ]
